<?xml version="1.0" encoding="UTF-8"?>
<testng-results ignored="0" total="1" passed="1" failed="0" skipped="0">
  <reporter-output>
  </reporter-output>
  <suite started-at="2025-09-18T17:56:27 IST" name="Default suite" finished-at="2025-09-18T17:56:35 IST" duration-ms="8058">
    <groups>
    </groups>
    <test started-at="2025-09-18T17:56:27 IST" name="Default test" finished-at="2025-09-18T17:56:35 IST" duration-ms="8058">
      <class name="com.payment.test.PaymentTest">
        <test-method is-config="true" signature="setUp()[pri:0, instance:com.payment.test.PaymentTest@30c15d8b]" started-at="2025-09-18T17:56:27 IST" name="setUp" finished-at="2025-09-18T17:56:32 IST" duration-ms="5322" status="PASS">
          <reporter-output>
          </reporter-output>
        </test-method> <!-- setUp -->
        <test-method signature="paymentTest()[pri:0, instance:com.payment.test.PaymentTest@30c15d8b]" started-at="2025-09-18T17:56:32 IST" name="paymentTest" finished-at="2025-09-18T17:56:34 IST" duration-ms="2433" status="PASS">
          <reporter-output>
          </reporter-output>
        </test-method> <!-- paymentTest -->
        <test-method is-config="true" signature="tearDown()[pri:0, instance:com.payment.test.PaymentTest@30c15d8b]" started-at="2025-09-18T17:56:34 IST" name="tearDown" finished-at="2025-09-18T17:56:35 IST" duration-ms="232" status="PASS">
          <reporter-output>
          </reporter-output>
        </test-method> <!-- tearDown -->
      </class> <!-- com.payment.test.PaymentTest -->
    </test> <!-- Default test -->
  </suite> <!-- Default suite -->
</testng-results>
